<?xml version="1.0" encoding="UTF-8"?>
<testng-results ignored="0" total="1" passed="1" failed="0" skipped="0">
  <reporter-output>
  </reporter-output>
  <suite started-at="2025-03-19T11:24:27 IST" name="Default suite" finished-at="2025-03-19T11:24:30 IST" duration-ms="3013">
    <groups>
    </groups>
    <test started-at="2025-03-19T11:24:27 IST" name="Default test" finished-at="2025-03-19T11:24:30 IST" duration-ms="3013">
      <class name="com.Rest_assure_Demo.Day1.Pojopayload">
        <test-method signature="payload2()[pri:0, instance:com.Rest_assure_Demo.Day1.Pojopayload@712625fd]" started-at="2025-03-19T11:24:27 IST" name="payload2" finished-at="2025-03-19T11:24:30 IST" duration-ms="2947" status="PASS">
          <reporter-output>
          </reporter-output>
        </test-method> <!-- payload2 -->
      </class> <!-- com.Rest_assure_Demo.Day1.Pojopayload -->
    </test> <!-- Default test -->
  </suite> <!-- Default suite -->
</testng-results>
